#
# A fatal error has been detected by the Java Runtime Environment:
#
#  SIGBUS (0x7) at pc=0x00007f9a29702a32, pid=31296, tid=0x00007f9a2c75e700
#
# JRE version: Java(TM) SE Runtime Environment (8.0_131-b11) (build 1.8.0_131-b11)
# Java VM: Java HotSpot(TM) 64-Bit Server VM (25.131-b11 mixed mode linux-amd64 compressed oops)
# Problematic frame:
# C  [libzip.so+0x11a32]  newEntry+0x62
#
# Failed to write core dump. Core dumps have been disabled. To enable core dumping, try "ulimit -c unlimited" before starting Java again
#
# If you would like to submit a bug report, please visit:
#   http://bugreport.java.com/bugreport/crash.jsp
# The crash happened outside the Java Virtual Machine in native code.
# See problematic frame for where to report the bug.
#

---------------  T H R E A D  ---------------

Current thread (0x00007f9a24020800):  JavaThread "main" [_thread_in_native, id=31422, stack(0x00007f9a2c65f000,0x00007f9a2c75f000)]

siginfo: si_signo: 7 (SIGBUS), si_code: 2 (BUS_ADRERR), si_addr: 0x00007f9a0784118d

Registers:
RAX=0x00007f9a25fc1d60, RBX=0x00007f9a0774d940, RCX=0x00007f9a240008d0, RDX=0x00007f9a25fc1d60
RSP=0x00007f9a2c759120, RBP=0x00007f9a2c759170, RSI=0x00007f9a240008e8, RDI=0x0000000000000000
R8 =0x0000000000000000, R9 =0x00007f9a2c7591f0, R10=0x00007f9a152e1e58, R11=0x00000000fcd87fa8
R12=0x00007f9a07841170, R13=0x00007f9a25fc1d60, R14=0x0000000000635627, R15=0x00007f9a24631d50
RIP=0x00007f9a29702a32, EFLAGS=0x0000000000010202, CSGSFS=0x002b000000000033, ERR=0x0000000000000004
  TRAPNO=0x000000000000000e

Top of Stack: (sp=0x00007f9a2c759120)
0x00007f9a2c759120:   000000000c3dbc49 00007f9a00000000
0x00007f9a2c759130:   00000001000007a8 00007f9a2b40eb4e
0x00007f9a2c759140:   00007f9a25fc1d60 00007f9a0774d940
0x00007f9a2c759150:   00007f9a25ea13b0 00007f9a24631d50
0x00007f9a2c759160:   0000000000635627 0000000000000034
0x00007f9a2c759170:   00007f9a2c7591d0 00007f9a2970318f
0x00007f9a2c759180:   00007f9a24020800 01007f9a2b5664a0
0x00007f9a2c759190:   00007f9a2c7591f0 00007f9a2c759225
0x00007f9a2c7591a0:   00007f9a2c759223 00007f9a2c7591f0
0x00007f9a2c7591b0:   0000000000000034 00007f9a240209f8
0x00007f9a2c7591c0:   00007f9a2c759648 0000000000000001
0x00007f9a2c7591d0:   00007f9a2c759630 00007f9a296f4ec0
0x00007f9a2c7591e0:   0000000000a4e7c8 00007f9a24631d50
0x00007f9a2c7591f0:   636170612f67726f 6f6f6461682f6568
0x00007f9a2c759200:   712f657669682f70 6f69737365732f6c
0x00007f9a2c759210:   6f69737365532f6e 632e65746174536e
0x00007f9a2c759220:   000000007373616c 00007f9a1536d8fe
0x00007f9a2c759230:   00007f9a24020800 00007f9a25ef6680
0x00007f9a2c759240:   00007f9a2ba903f0 00007f9a28527750
0x00007f9a2c759250:   00000000ff598798 000000010000000d
0x00007f9a2c759260:   00007f9a2c7590f0 0000003000000020
0x00007f9a2c759270:   00007f9a2c7593e0 00007f9a2c7592f0
0x00007f9a2c759280:   00007f9a24020800 0000000000000000
0x00007f9a2c759290:   0000000000000000 00000000fcd7fec0
0x00007f9a2c7592a0:   0000003000000018 00007f9a2c7593e0
0x00007f9a2c7592b0:   00007f9a2c7592f0 00007f9a2bbaf59c
0x00007f9a2c7592c0:   00007f9a0000000d 00007f9a25ef6688
0x00007f9a2c7592d0:   00007f9a24020800 00007f9a2b658959
0x00007f9a2c7592e0:   00007f9a24020800 00007f9a2c759a30
0x00007f9a2c7592f0:   0000000000000000 00007f9a2c759890
0x00007f9a2c759300:   00007f9a2bf08fa0 00007f9a240980d0
0x00007f9a2c759310:   00007f9a2bab5240 0000000000000063 

Instructions: (pc=0x00007f9a29702a32)
0x00007f9a29702a12:   00 48 c7 40 28 00 00 00 00 41 80 7f 30 00 0f 84
0x00007f9a29702a22:   8a 02 00 00 4c 8b 63 08 4d 2b 67 28 4d 03 67 18
0x00007f9a29702a32:   41 0f b6 5c 24 1d 41 0f b6 44 24 1c c1 e3 08 09
0x00007f9a29702a42:   c3 41 0f b6 44 24 1e 88 45 bd 41 0f b6 54 24 20 

Register to memory mapping:

RAX=0x00007f9a25fc1d60 is an unknown value
RBX=0x00007f9a0774d940 is an unknown value
RCX=0x00007f9a240008d0 is an unknown value
RDX=0x00007f9a25fc1d60 is an unknown value
RSP=0x00007f9a2c759120 is pointing into the stack for thread: 0x00007f9a24020800
RBP=0x00007f9a2c759170 is pointing into the stack for thread: 0x00007f9a24020800
RSI=0x00007f9a240008e8 is an unknown value
RDI=0x0000000000000000 is an unknown value
R8 =0x0000000000000000 is an unknown value
R9 =0x00007f9a2c7591f0 is pointing into the stack for thread: 0x00007f9a24020800
R10=0x00007f9a152e1e58 is at entry_point+88 in (nmethod*)0x00007f9a152e1c90
R11=0x00000000fcd87fa8 is an oop
